Arguments: 
  C:\Program Files\nodejs\node.exe C:\Program Files (x86)\Yarn\bin\yarn.js add sequelize cors bord-parser express pg

PATH: 
  C:\Program Files\Common Files\Oracle\Java\javapath;C:\Program Files (x86)\Common Files\Intel\Shared Libraries\redist\intel64_win\compiler;C:\Program Files (x86)\Common Files\Intel\Shared Libraries\redist\intel64\compiler;C:\Program Files (x86)\Common Files\Oracle\Java\javapath;C:\WINDOWS\system32;C:\WINDOWS;C:\WINDOWS\System32\Wbem;C:\WINDOWS\System32\WindowsPowerShell\v1.0\;C:\WINDOWS\System32\OpenSSH\;C:\flutter\bin;C:\Gradle\gradle-7.0.1\bin;C:\Program Files\PuTTY\;C:\Program Files\Microsoft VS Code\bin;C:\Program Files (x86)\Yarn\bin\;C:\Program Files\erl10.3\bin;C:\ProgramData\chocolatey\bin;C:\Program Files\nodejs\;C:\Program Files\Java\jdk-14.0.2\bin;C:\Gradle\gradle-6.6.1\bin;C:\Users\AUSTIN\AppData\Local\Programs\Python\Python39;C:\Users\AUSTIN\AppData\Local\Programs\Python\Python39\Scripts;C:\wamp64\bin\php\php7.4.9;C:\ProgramData\ComposerSetup\bin;C:\Program Files (x86)\Elixir\bin;C:\WINDOWS\system32\config\systemprofile\.mix\escripts;C:\Program Files\Git\cmd;C:\Program Files\Go\bin;C:\Program Files\dotnet\;C:\Users\AUSTIN\AppData\Local\Programs\Python\Python39\Scripts\;C:\Users\AUSTIN\AppData\Local\Programs\Python\Python39\;C:\Ruby30-x64\bin;C:\Python27\Scripts\;C:\Users\AUSTIN\AppData\Local\Microsoft\WindowsApps;C:\Program Files\JetBrains\PyCharm Community Edition 2020.2\bin;;C:\flutter\bin;C:\Gradle\gradle-7.0.1\bin;C:\Users\AUSTIN\AppData\Local\Yarn\bin;C:\Users\AUSTIN\AppData\Local\Android\Sdk\platform-tools;C:\Users\AUSTIN\AppData\Roaming\npm;C:\Program Files\Java\jdk-14.0.2\bin;C:\Gradle\gradle-6.6.1\bin;C:\Users\AUSTIN\AppData\Roaming\Composer\vendor\bin;C:\Users\AUSTIN\go\bin

Yarn version: 
  1.22.5

Node version: 
  16.1.0

Platform: 
  win32 x64

Trace: 
  Error: https://registry.yarnpkg.com/bord-parser: Not found
      at Request.params.callback [as _callback] (C:\Program Files (x86)\Yarn\lib\cli.js:66097:18)
      at Request.self.callback (C:\Program Files (x86)\Yarn\lib\cli.js:140749:22)
      at Request.emit (node:events:365:28)
      at Request.<anonymous> (C:\Program Files (x86)\Yarn\lib\cli.js:141721:10)
      at Request.emit (node:events:365:28)
      at IncomingMessage.<anonymous> (C:\Program Files (x86)\Yarn\lib\cli.js:141643:12)
      at Object.onceWrapper (node:events:471:28)
      at IncomingMessage.emit (node:events:377:35)
      at endReadableNT (node:internal/streams/readable:1312:12)
      at processTicksAndRejections (node:internal/process/task_queues:83:21)

npm manifest: 
  {
    "name": "crud",
    "version": "1.0.0",
    "description": "",
    "main": "index.js",
    "scripts": {
      "test": "echo \"Error: no test specified\" && exit 1"
    },
    "keywords": [],
    "author": "",
    "license": "ISC"
  }

yarn manifest: 
  No manifest

Lockfile: 
  No lockfile
